0 info it worked if it ends with ok
1 verbose cli [ '/usr/local/bin/node', '/usr/local/bin/npm', 'run', 'test' ]
2 info using npm@2.11.3
3 info using node@v0.12.7
4 verbose node symlink /usr/local/bin/node
5 verbose run-script [ 'pretest', 'test', 'posttest' ]
6 info pretest twine-client@0.0.1
7 info test twine-client@0.0.1
8 verbose unsafe-perm in lifecycle true
9 info twine-client@0.0.1 Failed to exec test script
10 verbose stack Error: twine-client@0.0.1 test: `grunt`
10 verbose stack Exit status 3
10 verbose stack     at EventEmitter.<anonymous> (/usr/local/lib/node_modules/npm/lib/utils/lifecycle.js:213:16)
10 verbose stack     at EventEmitter.emit (events.js:110:17)
10 verbose stack     at ChildProcess.<anonymous> (/usr/local/lib/node_modules/npm/lib/utils/spawn.js:24:14)
10 verbose stack     at ChildProcess.emit (events.js:110:17)
10 verbose stack     at maybeClose (child_process.js:1015:16)
10 verbose stack     at Process.ChildProcess._handle.onexit (child_process.js:1087:5)
11 verbose pkgid twine-client@0.0.1
12 verbose cwd /Users/ero/development/twine-client-js
13 error Darwin 14.5.0
14 error argv "/usr/local/bin/node" "/usr/local/bin/npm" "run" "test"
15 error node v0.12.7
16 error npm  v2.11.3
17 error code ELIFECYCLE
18 error twine-client@0.0.1 test: `grunt`
18 error Exit status 3
19 error Failed at the twine-client@0.0.1 test script 'grunt'.
19 error This is most likely a problem with the twine-client package,
19 error not with npm itself.
19 error Tell the author that this fails on your system:
19 error     grunt
19 error You can get their info via:
19 error     npm owner ls twine-client
19 error There is likely additional logging output above.
20 verbose exit [ 1, true ]
